[    0.000000] Linux version 4.15.0-111-generic (buildd@lcy01-amd64-011) (gcc version 7.5.0 (Ubuntu 7.5.0-3ubuntu1~18.04)) #112-Ubuntu SMP Thu Jul 9 20:32:34 UTC 2020 (Ubuntu 4.15.0-111.112-generic 4.15.18)
[    0.000000] Command line: BOOT_IMAGE=/boot/vmlinuz-4.15.0-111-generic root=LABEL=cloudimg-rootfs ro console=tty1 console=ttyS0
[    0.000000] KERNEL supported cpus:
[    0.000000]   Intel GenuineIntel
[    0.000000]   AMD AuthenticAMD
[    0.000000]   Centaur CentaurHauls
[    0.000000] x86/fpu: Supporting XSAVE feature 0x001: 'x87 floating point registers'
[    0.000000] x86/fpu: Supporting XSAVE feature 0x002: 'SSE registers'
[    0.000000] x86/fpu: Supporting XSAVE feature 0x004: 'AVX registers'
[    0.000000] x86/fpu: xstate_offset[2]:  576, xstate_sizes[2]:  256
[    0.000000] x86/fpu: Enabled xstate features 0x7, context size is 832 bytes, using 'standard' format.
[    0.000000] e820: BIOS-provided physical RAM map:
[    0.000000] BIOS-e820: [mem 0x0000000000000000-0x000000000009fbff] usable
[    0.000000] BIOS-e820: [mem 0x000000000009fc00-0x000000000009ffff] reserved
[    0.000000] BIOS-e820: [mem 0x00000000000f0000-0x00000000000fffff] reserved
[    0.000000] BIOS-e820: [mem 0x0000000000100000-0x000000007ffeffff] usable
[    0.000000] BIOS-e820: [mem 0x000000007fff0000-0x000000007fffffff] ACPI data
[    0.000000] BIOS-e820: [mem 0x00000000fec00000-0x00000000fec00fff] reserved
[    0.000000] BIOS-e820: [mem 0x00000000fee00000-0x00000000fee00fff] reserved
[    0.000000] BIOS-e820: [mem 0x00000000fffc0000-0x00000000ffffffff] reserved
[    0.000000] NX (Execute Disable) protection: active
[    0.000000] SMBIOS 2.5 present.
[    0.000000] DMI: innotek GmbH VirtualBox/VirtualBox, BIOS VirtualBox 12/01/2006
[    0.000000] Hypervisor detected: KVM
[    0.000000] e820: last_pfn = 0x7fff0 max_arch_pfn = 0x400000000
[    0.000000] MTRR: Disabled
[    0.000000] x86/PAT: MTRRs disabled, skipping PAT initialization too.
[    0.000000] CPU MTRRs all blank - virtualized system.
[    0.000000] x86/PAT: Configuration [0-7]: WB  WT  UC- UC  WB  WT  UC- UC  
[    0.000000] found SMP MP-table at [mem 0x0009fff0-0x0009ffff]
[    0.000000] Scanning 1 areas for low memory corruption
[    0.000000] RAMDISK: [mem 0x35a67000-0x36d2afff]
[    0.000000] ACPI: Early table checksum verification disabled
[    0.000000] ACPI: RSDP 0x00000000000E0000 000024 (v02 VBOX  )
[    0.000000] ACPI: XSDT 0x000000007FFF0030 00003C (v01 VBOX   VBOXXSDT 00000001 ASL  00000061)
[    0.000000] ACPI: FACP 0x000000007FFF00F0 0000F4 (v04 VBOX   VBOXFACP 00000001 ASL  00000061)
[    0.000000] ACPI: DSDT 0x000000007FFF04A0 002325 (v02 VBOX   VBOXBIOS 00000002 INTL 20100528)
[    0.000000] ACPI: FACS 0x000000007FFF0200 000040
[    0.000000] ACPI: FACS 0x000000007FFF0200 000040
[    0.000000] ACPI: APIC 0x000000007FFF0240 00008C (v02 VBOX   VBOXAPIC 00000001 ASL  00000061)
[    0.000000] ACPI: SSDT 0x000000007FFF02D0 0001CC (v01 VBOX   VBOXCPUT 00000002 INTL 20100528)
[    0.000000] No NUMA configuration found
[    0.000000] Faking a node at [mem 0x0000000000000000-0x000000007ffeffff]
[    0.000000] NODE_DATA(0) allocated [mem 0x7ffc5000-0x7ffeffff]
[    0.000000] kvm-clock: cpu 0, msr 0:7ff44001, primary cpu clock
[    0.000000] kvm-clock: Using msrs 4b564d01 and 4b564d00
[    0.000000] kvm-clock: using sched offset of 4364627627 cycles
[    0.000000] clocksource: kvm-clock: mask: 0xffffffffffffffff max_cycles: 0x1cd42e4dffb, max_idle_ns: 881590591483 ns
[    0.000000] Zone ranges:
[    0.000000]   DMA      [mem 0x0000000000001000-0x0000000000ffffff]
[    0.000000]   DMA32    [mem 0x0000000001000000-0x000000007ffeffff]
[    0.000000]   Normal   empty
[    0.000000]   Device   empty
[    0.000000] Movable zone start for each node
[    0.000000] Early memory node ranges
[    0.000000]   node   0: [mem 0x0000000000001000-0x000000000009efff]
[    0.000000]   node   0: [mem 0x0000000000100000-0x000000007ffeffff]
[    0.000000] Reserved but unavailable: 98 pages
[    0.000000] Initmem setup node 0 [mem 0x0000000000001000-0x000000007ffeffff]
[    0.000000] ACPI: PM-Timer IO Port: 0x4008
[    0.000000] IOAPIC[0]: apic_id 8, version 32, address 0xfec00000, GSI 0-23
[    0.000000] ACPI: INT_SRC_OVR (bus 0 bus_irq 0 global_irq 2 dfl dfl)
[    0.000000] ACPI: INT_SRC_OVR (bus 0 bus_irq 9 global_irq 9 low level)
[    0.000000] Using ACPI (MADT) for SMP configuration information
[    0.000000] smpboot: Allowing 8 CPUs, 0 hotplug CPUs
[    0.000000] PM: Registered nosave memory: [mem 0x00000000-0x00000fff]
[    0.000000] PM: Registered nosave memory: [mem 0x0009f000-0x0009ffff]
[    0.000000] PM: Registered nosave memory: [mem 0x000a0000-0x000effff]
[    0.000000] PM: Registered nosave memory: [mem 0x000f0000-0x000fffff]
[    0.000000] e820: [mem 0x80000000-0xfebfffff] available for PCI devices
[    0.000000] Booting paravirtualized kernel on KVM
[    0.000000] clocksource: refined-jiffies: mask: 0xffffffff max_cycles: 0xffffffff, max_idle_ns: 7645519600211568 ns
[    0.000000] random: get_random_bytes called from start_kernel+0x99/0x500 with crng_init=0
[    0.000000] setup_percpu: NR_CPUS:8192 nr_cpumask_bits:8 nr_cpu_ids:8 nr_node_ids:1
[    0.000000] percpu: Embedded 45 pages/cpu s147456 r8192 d28672 u262144
[    0.000000] PV qspinlock hash table entries: 256 (order: 0, 4096 bytes)
[    0.000000] Built 1 zonelists, mobility grouping on.  Total pages: 515961
[    0.000000] Policy zone: DMA32
[    0.000000] Kernel command line: BOOT_IMAGE=/boot/vmlinuz-4.15.0-111-generic root=LABEL=cloudimg-rootfs ro console=tty1 console=ttyS0
[    0.000000] Memory: 2014148K/2096696K available (12300K kernel code, 2481K rwdata, 4272K rodata, 2436K init, 2720K bss, 82548K reserved, 0K cma-reserved)
[    0.000000] SLUB: HWalign=64, Order=0-3, MinObjects=0, CPUs=8, Nodes=1
[    0.000000] Kernel/User page tables isolation: enabled
[    0.000000] ftrace: allocating 39378 entries in 154 pages
[    0.004000] Hierarchical RCU implementation.
[    0.004000] 	RCU restricting CPUs from NR_CPUS=8192 to nr_cpu_ids=8.
[    0.004000] 	Tasks RCU enabled.
[    0.004000] RCU: Adjusting geometry for rcu_fanout_leaf=16, nr_cpu_ids=8
[    0.004000] NR_IRQS: 524544, nr_irqs: 488, preallocated irqs: 16
[    0.004000] Console: colour VGA+ 80x25
[    0.004000] console [tty1] enabled
[    0.004000] console [ttyS0] enabled
[    0.004000] ACPI: Core revision 20170831
[    0.004000] ACPI: 2 ACPI AML tables successfully acquired and loaded
[    0.004000] APIC: Switch to symmetric I/O mode setup
[    0.004000] x2apic enabled
[    0.004000] Switched APIC routing to physical x2apic.
[    0.006037] ..TIMER: vector=0x30 apic1=0 pin1=2 apic2=-1 pin2=-1
[    0.008005] tsc: Detected 1799.997 MHz processor
[    0.009640] Calibrating delay loop (skipped) preset value.. 3599.99 BogoMIPS (lpj=7199988)
[    0.012005] pid_max: default: 32768 minimum: 301
[    0.013514] Security Framework initialized
[    0.014861] Yama: becoming mindful.
[    0.016038] AppArmor: AppArmor initialized
[    0.020187] Dentry cache hash table entries: 262144 (order: 9, 2097152 bytes)
[    0.028069] Inode-cache hash table entries: 131072 (order: 8, 1048576 bytes)
[    0.032027] Mount-cache hash table entries: 4096 (order: 3, 32768 bytes)
[    0.033894] Mountpoint-cache hash table entries: 4096 (order: 3, 32768 bytes)
[    0.036377] Last level iTLB entries: 4KB 64, 2MB 8, 4MB 8
[    0.038112] Last level dTLB entries: 4KB 64, 2MB 0, 4MB 0, 1GB 4
[    0.040004] Spectre V1 : Mitigation: usercopy/swapgs barriers and __user pointer sanitization
[    0.044003] Spectre V2 : Mitigation: Full generic retpoline
[    0.045746] Spectre V2 : Spectre v2 / SpectreRSB mitigation: Filling RSB on context switch
[    0.048000] Speculative Store Bypass: Vulnerable
[    0.048048] SRBDS: Unknown: Dependent on hypervisor status
[    0.052006] MDS: Mitigation: Clear CPU buffers
[    0.053707] Freeing SMP alternatives memory: 36K
[    0.166020] smpboot: CPU0: Intel(R) Core(TM) i5-8250U CPU @ 1.60GHz (family: 0x6, model: 0x8e, stepping: 0xa)
[    0.168000] Performance Events: unsupported p6 CPU model 142 no PMU driver, software events only.
[    0.168046] Hierarchical SRCU implementation.
[    0.172562] NMI watchdog: Perf event create on CPU 0 failed with -2
[    0.174279] NMI watchdog: Perf NMI watchdog permanently disabled
[    0.176000] smp: Bringing up secondary CPUs ...
[    0.176106] x86: Booting SMP configuration:
[    0.177412] .... node  #0, CPUs:      #1
[    0.004000] kvm-clock: cpu 1, msr 0:7ff44041, secondary cpu clock
[    0.184149]  #2
[    0.004000] kvm-clock: cpu 2, msr 0:7ff44081, secondary cpu clock
[    0.188115]  #3
[    0.004000] kvm-clock: cpu 3, msr 0:7ff440c1, secondary cpu clock
[    0.192105]  #4
[    0.004000] kvm-clock: cpu 4, msr 0:7ff44101, secondary cpu clock
[    0.200123]  #5
[    0.004000] kvm-clock: cpu 5, msr 0:7ff44141, secondary cpu clock
[    0.212115]  #6
[    0.004000] kvm-clock: cpu 6, msr 0:7ff44181, secondary cpu clock
[    0.216155]  #7
[    0.004000] kvm-clock: cpu 7, msr 0:7ff441c1, secondary cpu clock
[    0.222525] smp: Brought up 1 node, 8 CPUs
[    0.224011] smpboot: Max logical packages: 1
[    0.226055] smpboot: Total of 8 processors activated (28799.95 BogoMIPS)
[    0.228358] devtmpfs: initialized
[    0.229225] x86/mm: Memory block size: 128MB
[    0.232375] evm: security.selinux
[    0.233578] evm: security.SMACK64
[    0.234780] evm: security.SMACK64EXEC
[    0.236008] evm: security.SMACK64TRANSMUTE
[    0.237368] evm: security.SMACK64MMAP
[    0.238530] evm: security.apparmor
[    0.240007] evm: security.ima
[    0.241344] evm: security.capability
[    0.244194] clocksource: jiffies: mask: 0xffffffff max_cycles: 0xffffffff, max_idle_ns: 7645041785100000 ns
[    0.246996] futex hash table entries: 2048 (order: 5, 131072 bytes)
[    0.248162] pinctrl core: initialized pinctrl subsystem
[    0.252136] RTC time:  5:25:19, date: 07/21/20
[    0.254951] NET: Registered protocol family 16
[    0.256124] audit: initializing netlink subsys (disabled)
[    0.258542] audit: type=2000 audit(1595309124.496:1): state=initialized audit_enabled=0 res=1
[    0.260015] cpuidle: using governor ladder
[    0.264010] cpuidle: using governor menu
[    0.265335] ACPI: bus type PCI registered
[    0.266584] acpiphp: ACPI Hot Plug PCI Controller Driver version: 0.5
[    0.268162] PCI: Using configuration type 1 for base access
[    0.273818] HugeTLB registered 2.00 MiB page size, pre-allocated 0 pages
[    0.284278] ACPI: Added _OSI(Module Device)
[    0.288012] ACPI: Added _OSI(Processor Device)
[    0.289497] ACPI: Added _OSI(3.0 _SCP Extensions)
[    0.292002] ACPI: Added _OSI(Processor Aggregator Device)
[    0.293600] ACPI: Added _OSI(Linux-Dell-Video)
[    0.295051] ACPI: Added _OSI(Linux-Lenovo-NV-HDMI-Audio)
[    0.296007] ACPI: Added _OSI(Linux-HPI-Hybrid-Graphics)
[    0.298021] ACPI: Executed 1 blocks of module-level executable AML code
[    0.306769] ACPI: Interpreter enabled
[    0.308020] ACPI: (supports S0 S5)
[    0.309215] ACPI: Using IOAPIC for interrupt routing
[    0.312395] PCI: Using host bridge windows from ACPI; if necessary, use "pci=nocrs" and report a bug
[    0.315386] ACPI: Enabled 2 GPEs in block 00 to 07
[    0.328538] ACPI: PCI Root Bridge [PCI0] (domain 0000 [bus 00-ff])
[    0.330505] acpi PNP0A03:00: _OSC: OS supports [ASPM ClockPM Segments MSI]
[    0.332842] acpi PNP0A03:00: _OSC: not requesting OS control; OS requires [ExtendedConfig ASPM ClockPM MSI]
[    0.336018] acpi PNP0A03:00: fail to add MMCONFIG information, can't access extended PCI configuration space under this bridge.
[    0.340761] PCI host bridge to bus 0000:00
[    0.342183] pci_bus 0000:00: root bus resource [io  0x0000-0x0cf7 window]
[    0.344005] pci_bus 0000:00: root bus resource [io  0x0d00-0xffff window]
[    0.346097] pci_bus 0000:00: root bus resource [mem 0x000a0000-0x000bffff window]
[    0.348008] pci_bus 0000:00: root bus resource [mem 0x80000000-0xfdffffff window]
[    0.350381] pci_bus 0000:00: root bus resource [bus 00-ff]
[    0.357354] pci 0000:00:01.1: legacy IDE quirk: reg 0x10: [io  0x01f0-0x01f7]
[    0.359520] pci 0000:00:01.1: legacy IDE quirk: reg 0x14: [io  0x03f6]
[    0.360004] pci 0000:00:01.1: legacy IDE quirk: reg 0x18: [io  0x0170-0x0177]
[    0.364003] pci 0000:00:01.1: legacy IDE quirk: reg 0x1c: [io  0x0376]
[    0.390106] pci 0000:00:07.0: quirk: [io  0x4000-0x403f] claimed by PIIX4 ACPI
[    0.392000] pci 0000:00:07.0: quirk: [io  0x4100-0x410f] claimed by PIIX4 SMB
[    0.406802] ACPI: PCI Interrupt Link [LNKA] (IRQs 5 9 10 *11)
[    0.408568] ACPI: PCI Interrupt Link [LNKB] (IRQs 5 9 *10 11)
[    0.410597] ACPI: PCI Interrupt Link [LNKC] (IRQs 5 *9 10 11)
[    0.412184] ACPI: PCI Interrupt Link [LNKD] (IRQs 5 9 10 *11)
[    0.416280] SCSI subsystem initialized
[    0.417841] pci 0000:00:02.0: vgaarb: setting as boot VGA device
[    0.417841] pci 0000:00:02.0: vgaarb: VGA device added: decodes=io+mem,owns=io+mem,locks=none
[    0.420009] pci 0000:00:02.0: vgaarb: bridge control possible
[    0.424003] vgaarb: loaded
[    0.425047] ACPI: bus type USB registered
[    0.426370] usbcore: registered new interface driver usbfs
[    0.428017] usbcore: registered new interface driver hub
[    0.429761] usbcore: registered new device driver usb
[    0.432122] EDAC MC: Ver: 3.0.0
[    0.433461] PCI: Using ACPI for IRQ routing
[    0.436150] NetLabel: Initializing
[    0.437406] NetLabel:  domain hash size = 128
[    0.439085] NetLabel:  protocols = UNLABELED CIPSOv4 CALIPSO
[    0.440050] NetLabel:  unlabeled traffic allowed by default
[    0.444698] clocksource: Switched to clocksource kvm-clock
[    0.515830] VFS: Disk quotas dquot_6.6.0
[    0.517182] VFS: Dquot-cache hash table entries: 512 (order 0, 4096 bytes)
[    0.519394] AppArmor: AppArmor Filesystem Enabled
[    0.520999] pnp: PnP ACPI init
[    0.523761] pnp: PnP ACPI: found 3 devices
[    0.541042] clocksource: acpi_pm: mask: 0xffffff max_cycles: 0xffffff, max_idle_ns: 2085701024 ns
[    0.543906] NET: Registered protocol family 2
[    0.545579] TCP established hash table entries: 16384 (order: 5, 131072 bytes)
[    0.560307] TCP bind hash table entries: 16384 (order: 6, 262144 bytes)
[    0.562273] TCP: Hash tables configured (established 16384 bind 16384)
[    0.564758] UDP hash table entries: 1024 (order: 3, 32768 bytes)
[    0.566933] UDP-Lite hash table entries: 1024 (order: 3, 32768 bytes)
[    0.569014] NET: Registered protocol family 1
[    0.570397] pci 0000:00:00.0: Limiting direct PCI/PCI transfers
[    0.572175] pci 0000:00:01.0: Activating ISA DMA hang workarounds
[    0.573982] pci 0000:00:02.0: Video device with shadowed ROM at [mem 0x000c0000-0x000dffff]
[    0.576655] Unpacking initramfs...
[    1.297273] Freeing initrd memory: 19216K
[    1.298722] clocksource: tsc: mask: 0xffffffffffffffff max_cycles: 0x19f226b2958, max_idle_ns: 440795203083 ns
[    1.301856] platform rtc_cmos: registered platform RTC device (no PNP device found)
[    1.304353] Scanning for low memory corruption every 60 seconds
[    1.307265] Initialise system trusted keyrings
[    1.308761] Key type blacklist registered
[    1.310169] workingset: timestamp_bits=36 max_order=19 bucket_order=0
[    1.313467] zbud: loaded
[    1.315680] squashfs: version 4.0 (2009/01/31) Phillip Lougher
[    1.318074] fuse init (API version 7.26)
[    1.328790] Key type asymmetric registered
[    1.330137] Asymmetric key parser 'x509' registered
[    1.331694] Block layer SCSI generic (bsg) driver version 0.4 loaded (major 246)
[    1.334359] io scheduler noop registered
[    1.335667] io scheduler deadline registered
[    1.337256] io scheduler cfq registered (default)
[    1.340317] ACPI: AC Adapter [AC] (on-line)
[    1.341619] input: Power Button as /devices/LNXSYSTM:00/LNXPWRBN:00/input/input0
[    1.344145] ACPI: Power Button [PWRF]
[    1.345423] input: Sleep Button as /devices/LNXSYSTM:00/LNXSLPBN:00/input/input1
[    1.347815] ACPI: Sleep Button [SLPF]
[    1.351755] virtio-pci 0000:00:03.0: virtio_pci: leaving for legacy driver
[    1.352750] ACPI: Battery Slot [BAT0] (battery present)
[    1.354797] virtio-pci 0000:00:08.0: virtio_pci: leaving for legacy driver
[    1.357717] Serial: 8250/16550 driver, 32 ports, IRQ sharing enabled
[    1.380715] 00:02: ttyS0 at I/O 0x3f8 (irq = 4, base_baud = 115200) is a 16550A
[    1.390283] Linux agpgart interface v0.103
[    1.396439] loop: module loaded
[    1.398702] scsi host0: ata_piix
[    1.400335] scsi host1: ata_piix
[    1.401502] ata1: PATA max UDMA/33 cmd 0x1f0 ctl 0x3f6 bmdma 0xd000 irq 14
[    1.403511] ata2: PATA max UDMA/33 cmd 0x170 ctl 0x376 bmdma 0xd008 irq 15
[    1.405737] libphy: Fixed MDIO Bus: probed
[    1.407110] tun: Universal TUN/TAP device driver, 1.6
[    1.408938] PPP generic driver version 2.4.2
[    1.410438] ehci_hcd: USB 2.0 'Enhanced' Host Controller (EHCI) Driver
[    1.412399] ehci-pci: EHCI PCI platform driver
[    1.413853] ehci-platform: EHCI generic platform driver
[    1.415700] ohci_hcd: USB 1.1 'Open' Host Controller (OHCI) Driver
[    1.417645] ohci-pci: OHCI PCI platform driver
[    1.419141] ohci-platform: OHCI generic platform driver
[    1.420791] uhci_hcd: USB Universal Host Controller Interface driver
[    1.422619] i8042: PNP: PS/2 Controller [PNP0303:PS2K,PNP0f03:PS2M] at 0x60,0x64 irq 1,12
[    1.426075] serio: i8042 KBD port at 0x60,0x64 irq 1
[    1.427707] serio: i8042 AUX port at 0x60,0x64 irq 12
[    1.429654] mousedev: PS/2 mouse device common for all mice
[    1.432549] rtc_cmos rtc_cmos: rtc core: registered rtc_cmos as rtc0
[    1.434569] input: AT Translated Set 2 keyboard as /devices/platform/i8042/serio0/input/input2
[    1.436110] rtc_cmos rtc_cmos: alarms up to one day, 114 bytes nvram
[    1.439129] i2c /dev entries driver
[    1.440027] device-mapper: uevent: version 1.0.3
[    1.441671] device-mapper: ioctl: 4.37.0-ioctl (2017-09-20) initialised: dm-devel@redhat.com
[    1.445003] ledtrig-cpu: registered to indicate activity on CPUs
[    1.447769] NET: Registered protocol family 10
[    1.455929] Segment Routing with IPv6
[    1.457120] NET: Registered protocol family 17
[    1.458536] Key type dns_resolver registered
[    1.461037] mce: Using 0 MCE banks
[    1.462053] RAS: Correctable Errors collector initialized.
[    1.463531] sched_clock: Marking stable (1460959272, 0)->(1928160437, -467201165)
[    1.467569] registered taskstats version 1
[    1.468898] Loading compiled-in X.509 certificates
[    1.473648] Loaded X.509 cert 'Build time autogenerated kernel key: e7f49a8350fc58df7a2fc42bf39ecd356db1ebb3'
[    1.476346] zswap: loaded using pool lzo/zbud
[    1.484182] Key type big_key registered
[    1.485324] Key type trusted registered
[    1.489096] Key type encrypted registered
[    1.490315] AppArmor: AppArmor sha1 policy hashing enabled
[    1.491792] ima: No TPM chip found, activating TPM-bypass! (rc=-19)
[    1.493585] ima: Allocated hash algorithm: sha1
[    1.494852] evm: HMAC attrs: 0x1
[    1.496230]   Magic number: 12:486:416
[    1.514321] rtc_cmos rtc_cmos: setting system clock to 2020-07-21 05:25:20 UTC (1595309120)
[    1.517571] BIOS EDD facility v0.16 2004-Jun-25, 0 devices found
[    1.519250] EDD information not available.
[    1.601173] Freeing unused kernel image memory: 2436K
[    1.608601] Write protecting the kernel read-only data: 20480k
[    1.614010] Freeing unused kernel image memory: 2008K
[    1.618303] Freeing unused kernel image memory: 1872K
[    1.644953] x86/mm: Checked W+X mappings: passed, no W+X pages found.
[    1.647907] x86/mm: Checking user space page tables
[    1.662670] x86/mm: Checked W+X mappings: passed, no W+X pages found.
Loading, please wait...
starting version 237
[    1.743032] Fusion MPT base driver 3.04.20
[    1.745113] Copyright (c) 1999-2008 LSI Corporation
[    1.787275] AVX2 version of gcm_enc/dec engaged.
[    1.789478] AES CTR mode by8 optimization enabled
[    1.795144] Fusion MPT SPI Host driver 3.04.20
[    1.797027] virtio_net virtio0 enp0s3: renamed from eth0
[    1.799353] mptbase: ioc0: Initiating bringup
[    1.813122] virtio_net virtio1 enp0s8: renamed from eth1
[    2.007131] ioc0: LSI53C1030 A0: Capabilities={Initiator}
[    2.015682] input: ImExPS/2 Generic Explorer Mouse as /devices/platform/i8042/serio1/input/input4
[    3.306713] scsi host2: ioc0: LSI53C1030 A0, FwRev=00000000h, Ports=1, MaxQ=256, IRQ=20
[    4.373302] scsi 2:0:0:0: Direct-Access     VBOX     HARDDISK         1.0  PQ: 0 ANSI: 5
[    5.246074] scsi target2:0:0: Beginning Domain Validation
[    5.265396] scsi target2:0:0: Domain Validation skipping write tests
[    5.273260] scsi target2:0:0: Ending Domain Validation
[    5.278719] scsi target2:0:0: asynchronous
[    5.286673] scsi 2:0:1:0: Direct-Access     VBOX     HARDDISK         1.0  PQ: 0 ANSI: 5
[    5.400567] scsi target2:0:1: Beginning Domain Validation
[    5.404808] scsi target2:0:1: Domain Validation skipping write tests
[    5.406541] scsi target2:0:1: Ending Domain Validation
[    5.408108] scsi target2:0:1: asynchronous
[    5.417039] sd 2:0:0:0: Attached scsi generic sg0 type 0
[    5.419584] sd 2:0:0:0: [sda] 104857600 512-byte logical blocks: (53.7 GB/50.0 GiB)
[    5.422701] sd 2:0:0:0: [sda] Write Protect is off
[    5.423421] sd 2:0:1:0: [sdb] 20480 512-byte logical blocks: (10.5 MB/10.0 MiB)
[    5.427552] sd 2:0:1:0: Attached scsi generic sg1 type 0
[    5.427894] sd 2:0:0:0: [sda] Incomplete mode parameter data
[    5.429395] sd 2:0:1:0: [sdb] Write Protect is off
[    5.431282] sd 2:0:0:0: [sda] Assuming drive cache: write through
[    5.436075] sd 2:0:1:0: [sdb] Incomplete mode parameter data
[    5.437898] sd 2:0:1:0: [sdb] Assuming drive cache: write through
[    5.441513] random: fast init done
[    5.442820]  sda: sda1
[    5.444088] random: systemd-udevd: uninitialized urandom read (16 bytes read)
[    5.445146] sd 2:0:0:0: [sda] Attached SCSI disk
[    5.445834] sd 2:0:1:0: [sdb] Attached SCSI disk
[    5.446876] random: systemd-udevd: uninitialized urandom read (16 bytes read)
[    5.455518] random: systemd-udevd: uninitialized urandom read (16 bytes read)
Begin: Loading essential drivers ... [    8.092299] raid6: sse2x1   gen()  7508 MB/s
[    8.140180] raid6: sse2x1   xor()  5196 MB/s
[    8.188090] raid6: sse2x2   gen()  9310 MB/s
[    8.236077] raid6: sse2x2   xor()  5886 MB/s
[    8.284542] raid6: sse2x4   gen() 10376 MB/s
[    8.332417] raid6: sse2x4   xor()  6047 MB/s
[    8.380302] raid6: avx2x1   gen() 15502 MB/s
[    8.428466] raid6: avx2x1   xor()  8754 MB/s
[    8.476403] raid6: avx2x2   gen() 18835 MB/s
[    8.524160] raid6: avx2x2   xor() 11400 MB/s
[    8.572501] raid6: avx2x4   gen() 20014 MB/s
[    8.620344] raid6: avx2x4   xor() 12005 MB/s
[    8.621705] raid6: using algorithm avx2x4 gen() 20014 MB/s
[    8.623341] raid6: .... xor() 12005 MB/s, rmw enabled
[    8.624921] raid6: using avx2x2 recovery algorithm
[    8.628338] xor: automatically using best checksumming function   avx       
[    8.633251] async_tx: api initialized (async)
done.
Begin: Running /scripts/init-premount ... done.
Begin: Mounting root file system ... Begin: Running /scripts/local-top ... done.
Begin: Running /scripts/local-premount ... [    8.701830] Btrfs loaded, crc32c=crc32c-intel
Scanning for Btrfs filesystems
done.
Warning: fsck not present, so skipping root file system
[    8.750415] EXT4-fs (sda1): mounted filesystem with ordered data mode. Opts: (null)
done.
Begin: Running /scripts/local-bottom ... done.
Begin: Running /scripts/init-bottom ... done.
[    9.598159] ip_tables: (C) 2000-2006 Netfilter Core Team
[    9.635373] systemd[1]: systemd 237 running in system mode. (+PAM +AUDIT +SELINUX +IMA +APPARMOR +SMACK +SYSVINIT +UTMP +LIBCRYPTSETUP +GCRYPT +GNUTLS +ACL +XZ +LZ4 +SECCOMP +BLKID +ELFUTILS +KMOD -IDN2 +IDN -PCRE2 default-hierarchy=hybrid)
[    9.657720] systemd[1]: Detected virtualization oracle.
[    9.662619] systemd[1]: Detected architecture x86-64.

Welcome to [1mUbuntu 18.04.4 LTS[0m!

[    9.744754] systemd[1]: Set hostname to <ubuntu>.
[    9.760962] systemd[1]: Initializing machine ID from random generator.
[    9.768438] systemd[1]: Installed transient /etc/machine-id file.
[   10.490474] systemd[1]: Set up automount Arbitrary Executable File Formats File System Automount Point.
[[0;32m  OK  [0m] Set up automount Arbitrary Executab…rmats File System Automount Point.
[   10.503553] systemd[1]: Reached target Swap.
[[0;32m  OK  [0m] Reached target Swap.
[   10.536899] systemd[1]: Created slice User and Session Slice.
[[0;32m  OK  [0m] Created slice User and Session Slice.
[   10.556400] systemd[1]: Reached target System Time Synchronized.
[[0;32m  OK  [0m] Reached target System Time Synchronized.
[[0;32m  OK  [0m] Started Forward Password Requests to Wall Directory Watch.
[[0;32m  OK  [0m] Created slice System Slice.
[[0;32m  OK  [0m] Listening on LVM2 poll daemon socket.
[[0;32m  OK  [0m] Created slice system-serial\x2dgetty.slice.
[[0;32m  OK  [0m] Listening on Network Service Netlink Socket.
[[0;32m  OK  [0m] Listening on Journal Audit Socket.
[[0;32m  OK  [0m] Reached target Slices.
[[0;32m  OK  [0m] Listening on udev Control Socket.
[[0;32m  OK  [0m] Reached target User and Group Name Lookups.
[[0;32m  OK  [0m] Listening on LVM2 metadata daemon socket.
[[0;32m  OK  [0m] Listening on Device-mapper event daemon FIFOs.
[[0;32m  OK  [0m] Listening on /dev/initctl Compatibility Named Pipe.
[[0;32m  OK  [0m] Listening on Journal Socket (/dev/log).
[[0;32m  OK  [0m] Listening on Syslog Socket.
[[0;32m  OK  [0m] Listening on Journal Socket.
         Mounting POSIX Message Queue File System...
         Starting Monitoring of LVM2 mirrors…ng dmeventd or progress polling...
         Starting Remount Root and Kernel File Systems...
         Mounting Kernel Debug File System...
         Starting Journal Service...
         Starting Load Kernel Modules...
         Starting Create list of required st…ce nodes for the current kernel...
         Starting Uncomplicated firewall...
         Mounting Huge Pages File System...
         Starting Set the console keyboard layout...
[[0;32m  OK  [0m] Listening on udev Kernel Socket.
         Starting udev Coldplug all Devices...
[   11.336174] EXT4-fs (sda1): re-mounted. Opts: (null)
[[0;32m  OK  [0m] Mounted POSIX Message Queue File System.
[[0;32m  OK  [0m] Started Remount Root and Kernel File Systems.
[   11.366340] Loading iSCSI transport class v2.0-870.
[[0;32m  OK  [0m] Mounted Kernel Debug File System.
[[0;32m  OK  [0m] Mounted Huge Pages File System.
[[0;32m  OK  [0m] Started LVM2 metadata daemon.
         Starting Load/Save Random Seed...
[   11.409878] iscsi: registered transport (tcp)
[   11.440717] iscsi: registered transport (iser)
[[0;32m  OK  [0m] Started Load Kernel Modules.
[[0;32m  OK  [0m] Started Create list of required sta…vice nodes for the current kernel.
[[0;32m  OK  [0m] Started Uncomplicated firewall.
[[0;32m  OK  [0m] Started Load/Save Random Seed.
[[0;32m  OK  [0m] Started Journal Service.
         Starting Flush Journal to Persistent Storage...
         Starting Create Static Device Nodes in /dev...
         Mounting Kernel Configuration File System...
         Mounting FUSE Control File System...
         Starting Apply Kernel Variables...
[[0;32m  OK  [0m] Started Monitoring of LVM2 mirrors,…sing dmeventd or progress polling.
[[0;32m  OK  [0m] Mounted Kernel Configuration File System.
[[0;32m  OK  [0m] Started Create Static Device Nodes in /dev.
[[0;32m  OK  [0m] Mounted FUSE Control File System.
         Starting udev Kernel Device Manager...
[   11.580122] systemd-journald[452]: Received request to flush runtime journal from PID 1
[[0;32m  OK  [0m] Started Apply Kernel Variables.
[[0;32m  OK  [0m] Started udev Coldplug all Devices.
[[0;32m  OK  [0m] Started Flush Journal to Persistent Storage.
[[0;32m  OK  [0m] Started udev Kernel Device Manager.
[[0;32m  OK  [0m] Started Set the console keyboard layout.
[[0;32m  OK  [0m] Reached target Local File Systems (Pre).
[[0;32m  OK  [0m] Reached target Local File Systems.
         Starting Tell Plymouth To Write Out Runtime Data...
         Starting Set console font and keymap...
         Starting AppArmor initialization...
         Starting ebtables ruleset management...
         Starting Create Volatile Files and Directories...
         Starting Commit a transient machine-id on disk...
[[0;32m  OK  [0m] Started Dispatch Password Requests to Console Directory Watch.
[[0;32m  OK  [0m] Reached target Local Encrypted Volumes.
[[0;32m  OK  [0m] Started Tell Plymouth To Write Out Runtime Data.
[[0;32m  OK  [0m] Started Set console font and keymap.
[[0;32m  OK  [0m] Found device /dev/ttyS0.
[[0;32m  OK  [0m] Started Create Volatile Files and Directories.
         Starting Update UTMP about System Boot/Shutdown...
[[0;32m  OK  [0m] Started Update UTMP about System Boot/Shutdown.
[[0;32m  OK  [0m] Started Commit a transient machine-id on disk.
[[0;32m  OK  [0m] Listening on Load/Save RF Kill Switch Status /dev/rfkill Watch.
[[0;32m  OK  [0m] Started ebtables ruleset management.
[[0;32m  OK  [0m] Started AppArmor initialization.
         Starting Load AppArmor profiles managed internally by snapd...
         Starting Initial cloud-init job (pre-networking)...
[[0;32m  OK  [0m] Started Load AppArmor profiles managed internally by snapd.
[   15.529584] cloud-init[639]: Cloud-init v. 20.2-45-g5f7825e2-0ubuntu1~18.04.1 running 'init-local' at Tue, 21 Jul 2020 05:25:33 +0000. Up 14.87 seconds.
[[0;32m  OK  [0m] Started Initial cloud-init job (pre-networking).
[[0;32m  OK  [0m] Reached target Network (Pre).
         Starting Network Service...
[[0;32m  OK  [0m] Started Network Service.
         Starting Wait for Network to be Configured...
         Starting Network Name Resolution...
[[0;32m  OK  [0m] Started Network Name Resolution.
[[0;32m  OK  [0m] Reached target Host and Network Name Lookups.
[[0;32m  OK  [0m] Reached target Network.
[[0;32m  OK  [0m] Started Wait for Network to be Configured.
         Starting Initial cloud-init job (metadata service crawler)...
[   17.896797] cloud-init[756]: Cloud-init v. 20.2-45-g5f7825e2-0ubuntu1~18.04.1 running 'init' at Tue, 21 Jul 2020 05:25:36 +0000. Up 17.59 seconds.
[   17.908472] cloud-init[756]: ci-info: +++++++++++++++++++++++++++++++++++++Net device info+++++++++++++++++++++++++++++++++++++
[   17.920991] cloud-init[756]: ci-info: +--------+-------+-------------------------+---------------+--------+-------------------+
[   17.924430] cloud-init[756]: ci-info: | Device |   Up  |         Address         |      Mask     | Scope  |     Hw-Address    |
[   17.926002] cloud-init[756]: ci-info: +--------+-------+-------------------------+---------------+--------+-------------------+
[   17.927523] cloud-init[756]: ci-info: | enp0s3 |  True |        10.0.2.15        | 255.255.255.0 | global | 02:27:36:10:00:0e |
[   17.930946] cloud-init[756]: ci-info: | enp0s3 |  True | fe80::27:36ff:fe10:e/64 |       .       |  link  | 02:27:36:10:00:0e |
[   17.933100] cloud-init[756]: ci-info: | enp0s8 | False |            .            |       .       |   .    | 08:00:27:2b:39:6e |
[   17.934646] cloud-init[756]: ci-info: |   lo   |  True |        127.0.0.1        |   255.0.0.0   |  host  |         .         |
[   17.949421] cloud-init[756]: ci-info: |   lo   |  True |         ::1/128         |       .       |  host  |         .         |
[   17.951201] cloud-init[756]: ci-info: +--------+-------+-------------------------+---------------+--------+-------------------+
[   17.952747] cloud-init[756]: ci-info: ++++++++++++++++++++++++++++Route IPv4 info+++++++++++++++++++++++++++++
[   17.953781] cloud-init[756]: ci-info: +-------+-------------+----------+-----------------+-----------+-------+
[   17.955097] cloud-init[756]: ci-info: | Route | Destination | Gateway  |     Genmask     | Interface | Flags |
[   17.968478] cloud-init[756]: ci-info: +-------+-------------+----------+-----------------+-----------+-------+
[   17.984297] cloud-init[756]: ci-info: |   0   |   0.0.0.0   | 10.0.2.2 |     0.0.0.0     |   enp0s3  |   UG  |
[   17.985675] cloud-init[756]: ci-info: |   1   |   10.0.2.0  | 0.0.0.0  |  255.255.255.0  |   enp0s3  |   U   |
[   17.986830] cloud-init[756]: ci-info: |   2   |   10.0.2.2  | 0.0.0.0  | 255.255.255.255 |   enp0s3  |   UH  |
[   17.988234] cloud-init[756]: ci-info: +-------+-------------+----------+-----------------+-----------+-------+
[   18.004820] cloud-init[756]: ci-info: +++++++++++++++++++Route IPv6 info+++++++++++++++++++
[   18.005822] cloud-init[756]: ci-info: +-------+-------------+---------+-----------+-------+
[   18.020281] cloud-init[756]: ci-info: | Route | Destination | Gateway | Interface | Flags |
[   18.021905] cloud-init[756]: ci-info: +-------+-------------+---------+-----------+-------+
[   18.023128] cloud-init[756]: ci-info: |   1   |  fe80::/64  |    ::   |   enp0s3  |   U   |
[   18.024503] cloud-init[756]: ci-info: |   3   |    local    |    ::   |   enp0s3  |   U   |
[   18.025500] cloud-init[756]: ci-info: |   4   |   ff00::/8  |    ::   |   enp0s3  |   U   |
[   18.036485] cloud-init[756]: ci-info: +-------+-------------+---------+-----------+-------+
[   19.983561] cloud-init[756]: Generating public/private rsa key pair.
[   19.985569] cloud-init[756]: Your identification has been saved in /etc/ssh/ssh_host_rsa_key.
[   19.987153] cloud-init[756]: Your public key has been saved in /etc/ssh/ssh_host_rsa_key.pub.
[   20.000824] cloud-init[756]: The key fingerprint is:
[   20.016937] cloud-init[756]: SHA256:gi/4IPgg0VwzNp7WYTn7PRd8xohKc7/5McBT0eRKrj4 root@ubuntu-bionic
[   20.028580] cloud-init[756]: The key's randomart image is:
[   20.030176] cloud-init[756]: +---[RSA 2048]----+
[   20.040269] cloud-init[756]: |              .o.|
[   20.042240] cloud-init[756]: |       .       o.|
[   20.053451] cloud-init[756]: |    * =       o .|
[[0;32m  OK  [0m] Started Initial cloud-init job (metadata service crawler).
[   20.054864] cloud-init[756]: | o + O +   + * . |
[[0;32m  OK  [0m] Reached target Cloud-config availability.
[   20.057275] [cloud-init[0;32m  OK  [0m] Reached target Network is Online.
[756]: |. o = + S o B *  |
[   20.060700] cloud-init[756]: |.. o . + = . B   |
         Starting Availability of block devices...
[   20.072513] cloud-init[756]: |= o . . o o + o  |
[[0;32m  OK  [0m] Reached target Remote File Systems (Pre).
[   20.084363] [cloud-init[0;32m  OK  [0m[756]: |.+ o .     +Eo o |] 
Reached target Remote File Systems.
[[0;32m  OK  [0m] Reached target System Initialization.
[   20.088603] cloud-init[756]: |  . .       +o.  |
[[0;32m  OK  [0m] Started Message of the Day.
[   20.090979] cloud-init[756]: +----[SHA256]-----+
[[0;32m  OK  [0m] Started ACPI Events Check.
[   20.093506] [cloud-init[0;32m  OK  [0m[756]: ] Started Daily Cleanup of Temporary Directories.
Generating public/private dsa key pair.
         Starting Socket activation for snappy daemon.
[   20.096939] cloud-init[756]: Your identification has been saved in /etc/ssh/ssh_host_dsa_key.
[[0;32m  OK  [0m] Listening on UUID daemon activation socket.
[   20.112569] cloud-init[756]: Your public key has been saved in /etc/ssh/ssh_host_dsa_key.pub.
[[0;32m  OK  [0m] Started Discard unused blocks once a week.
[   20.125721] cloud-init[756]: The key fingerprint is:
[[   20.127662] [0;32m  OK  [0mcloud-init] [756]: Listening on Open-iSCSI iscsid Socket.SHA256:NqPyqCG3Tgzc+o5hWD8hd1iIwQwUH4ekhDwANXZbzMU root@ubuntu-bionic

         Starting LXD - unix socket.
[   20.130640] cloud-init[756]: The key's randomart image is:
[[   20.132569] [0;32m  OK  [0mcloud-init] [756]: Listening on D-Bus System Message Bus Socket.+---[DSA 1024]----+

[[0;32m  OK  [0m] Started Daily apt download activities.
[   20.135747] cloud-init[756]: |XOBoo+.o.        |
[[0;32m  OK  [0m] Started Daily apt upgrade and clean activities.
[[   20.137749] [0;32m  OK  [0mcloud-init] Reached target Timers.[756]: 
|o+=*o+o E        |
[[0;32m  OK  [0m] Reached target Paths.
[   20.152943] cloud-init[756]: | .o.o .          |
[[0;32m  OK  [0m] Listening on ACPID Listen Socket.
[   20.154900] cloud-init[756]: |. .  o           |
[[0;32m  OK  [0m] Started Availability of block devices.
[   20.157254] cloud-init[756]: |..o.+ . S        |
[[0;32m  OK  [0m] Listening on Socket activation for snappy daemon.
[   20.159086] cloud-init[756]: |.+.+ o o o       |
[[0;32m  OK  [0m] Listening on LXD - unix socket.
[   20.161505] cloud-init[756]: |o+= + .          |
[[0;32m  OK  [0m] Reached target Sockets.
[   20.180276] cloud-init[756]: |.++o =           |
[[0;32m  OK  [0m] Reached target Basic System.
[   20.181431] cloud-init[756]: | o=+. .          |
[   20.184678] cloud-init[756]: +----[SHA256]-----+
         Starting System Logging Service...
[   20.186008] cloud-init[756]: Generating public/private ecdsa key pair.
[[0;32m  OK  [0m] Started FUSE filesystem for LXC.
[   20.190506] cloud-init[756]: Your identification has been saved in /etc/ssh/ssh_host_ecdsa_key.
         Starting Virtualbox guest utils...
[   20.194331] cloud-init[756]: Your public key has been saved in /etc/ssh/ssh_host_ecdsa_key.pub.
[   20.198578] cloud-init[756]: The key fingerprint is:
[   20.200482] cloud-init[756]: SHA256:HyqUlAHn5d8JIuMQ7Bglg3CcbYLY5PiIsX7ED4kWNxE root@ubuntu-bionic
[   20.202374] cloud-init[756]: The key's randomart image is:
[   20.212382] cloud-init[756]: +---[ECDSA 256]---+
[   20.214144] cloud-init[756]: |+*=E=.o .        |
[   20.215124] cloud-init[756]: |++*o=+ =         |
[   20.216262] cloud-init[756]: |o..O. * o .      |
[   20.217003] cloud-init[756]: |.=* ++ + o o .   |
[   20.218088] cloud-init[756]: |+o.=  + S o o    |
[   20.219066] cloud-init[756]: |o . o.   o .     |
[   20.220073] cloud-init[756]: | . . .. . .      |
[   20.237459] cloud-init[756]: |  .    .         |
[[0;32m  OK  [0m] Started irqbalance daemon.
[   20.248541] cloud-init[756]: |                 |
         Starting Permit User Sessions...
[   20.261349] cloud-init[756]: +----[SHA256]-----+
         Starting LSB: automatic crash report generation...
[   20.263681] cloud-init[756]: Generating public/private ed25519 key pair.
         Starting Accounts Service...
[   20.266022] cloud-init[756]: Your identification has been saved in /etc/ssh/ssh_host_ed25519_key.
[   20.270754] cloud-init[756]: Your public key has been saved in /etc/ssh/ssh_host_ed25519_key.pub.
[   20.273949] cloud-init[756]: The key fingerprint is:
[   20.274133] cloud-init[756]: SHA256:/TUEejxBJO/59NWU3WcPMBSx723dtt+Qcode81kRDII root@ubuntu-bionic
[   20.274782] cloud-init[756]: The key's randomart image is:
[   20.275831] cloud-init[756]: +--[ED25519 256]--+
[   20.276771] cloud-init[756]: |          o=@+   |
[   20.277454] cloud-init[756]: |         E =.*o +|
[   20.277609] cloud-init[756]: |          . * o+*|
[[0;32m  OK  [0m] Started D-Bus System Message Bus.[   20.277942] 
cloud-init[756]: |         . o = +=|
[   20.285088] cloud-init[756]: |        S . o =.+|
[   20.286218] cloud-init[756]: |           . = *=|
[   20.296427] cloud-init[756]: |            o B.@|
[   20.312957] cloud-init[756]: |             + *B|
[   20.329406] cloud-init[756]: |              .o=|
[   20.330691] cloud-init[756]: +----[SHA256]-----+
[[0;32m  OK  [0m] Started Regular background program processing daemon.
         Starting Dispatcher daemon for systemd-networkd...
         Starting Pollinate to seed the pseudo random number generator...
[[0;32m  OK  [0m] Started Deferred execution scheduler.
         Starting LSB: Record successful boot for GRUB...
         Starting LXD - container startup/shutdown...
         Starting Login Service...
         Starting Snap Daemon...
[[0;32m  OK  [0m] Started System Logging Service.
[[0;32m  OK  [0m] Started Permit User Sessions.
[[0;32m  OK  [0m] Started Login Service.
[[0;32m  OK  [0m] Started Unattended Upgrades Shutdown.
         Starting Authorization Manager...
         Starting Terminate Plymouth Boot Screen...
         Starting Hold until boot process finishes up...
[[0;32m  OK  [0m] Started Hold until boot process finishes up.
[[0;32m  OK  [0m] Started Serial Getty on ttyS0.
         Starting Set console scheme...
[[0;32m  OK  [0m] Started Terminate Plymouth Boot Screen.
[[0;32m  OK  [0m] Started Set console scheme.
[[0;32m  OK  [0m] Started Authorization Manager.
[[0;32m  OK  [0m] Started LSB: automatic crash report generation.
[[0;32m  OK  [0m] Started Accounts Service.
[[0;32m  OK  [0m] Created slice system-getty.slice.
[[0;32m  OK  [0m] Started Getty on tty1.
[[0;32m  OK  [0m] Reached target Login Prompts.
[[0;32m  OK  [0m] Started LSB: Record successful boot for GRUB.
[[0;32m  OK  [0m] Started Virtualbox guest utils.
[[0;32m  OK  [0m] Started LXD - container startup/shutdown.
[[0;32m  OK  [0m] Started Dispatcher daemon for systemd-networkd.
[[0;32m  OK  [0m] Started Snap Daemon.
         Starting Wait until snapd is fully seeded...

Ubuntu 18.04.4 LTS ubuntu-bionic ttyS0

ubuntu-bionic login: [   32.267317] cloud-init[1448]: Cloud-init v. 20.2-45-g5f7825e2-0ubuntu1~18.04.1 running 'modules:config' at Tue, 21 Jul 2020 05:25:50 +0000. Up 31.49 seconds.
ci-info: no authorized SSH keys fingerprints found for user ubuntu.
<14>Jul 21 05:25:52 ec2: 
<14>Jul 21 05:25:52 ec2: #############################################################
<14>Jul 21 05:25:52 ec2: -----BEGIN SSH HOST KEY FINGERPRINTS-----
<14>Jul 21 05:25:52 ec2: 1024 SHA256:NqPyqCG3Tgzc+o5hWD8hd1iIwQwUH4ekhDwANXZbzMU root@ubuntu-bionic (DSA)
<14>Jul 21 05:25:52 ec2: 256 SHA256:HyqUlAHn5d8JIuMQ7Bglg3CcbYLY5PiIsX7ED4kWNxE root@ubuntu-bionic (ECDSA)
<14>Jul 21 05:25:52 ec2: 256 SHA256:/TUEejxBJO/59NWU3WcPMBSx723dtt+Qcode81kRDII root@ubuntu-bionic (ED25519)
<14>Jul 21 05:25:52 ec2: 2048 SHA256:gi/4IPgg0VwzNp7WYTn7PRd8xohKc7/5McBT0eRKrj4 root@ubuntu-bionic (RSA)
<14>Jul 21 05:25:52 ec2: -----END SSH HOST KEY FINGERPRINTS-----
<14>Jul 21 05:25:52 ec2: #############################################################
-----BEGIN SSH HOST KEY KEYS-----
ecdsa-sha2-nistp256 AAAAE2VjZHNhLXNoYTItbmlzdHAyNTYAAAAIbmlzdHAyNTYAAABBBM5qfJ/nlEU4AZCcDTTfYOvK9SYOzHHrNpDmgzBuy3wxurqjgD1HVoR82rnLbRNeRbuG0aH2oRWIz92HTCu/T/s= root@ubuntu-bionic
ssh-ed25519 AAAAC3NzaC1lZDI1NTE5AAAAIEM9YaQUrge8YOT/00sR1r64xbC6t1e1lBkAoRP84pAa root@ubuntu-bionic
ssh-rsa AAAAB3NzaC1yc2EAAAADAQABAAABAQCi8wJJQfQx2zSv2qBrT0echt/espa0orl3l4zuTSG0L+u0RrdnZydr97k973pV5dVosopckKv0cTR4P9Mv4uu1s71ME0oNpYefKmCY4Jgj5TQrMxxwNuenir343dVQ1PMFxIkG/Rv2w7yDXgPko5SdTSzOO1WJ8/2aq3Yus0zx5TmqfyaahipkDxvHPBK4SSZ6Yi6yBvxv42OLc/+2Jn/pDvZ+vmbZyAi+TgIhRCwm5oPElJgFlAJfyCHCu1kVLaeBrr/zCuOl77uIi1lwHQLX3W1LfyXyuCh/93758BNpteN0VucBKNfS88nnSlweKebxXWEZWTYWhkf22aPqMB2d root@ubuntu-bionic
-----END SSH HOST KEY KEYS-----
[   33.361881] cloud-init[1613]: Cloud-init v. 20.2-45-g5f7825e2-0ubuntu1~18.04.1 running 'modules:final' at Tue, 21 Jul 2020 05:25:52 +0000. Up 33.10 seconds.
[   33.362054] cloud-init[1613]: ci-info: no authorized SSH keys fingerprints found for user ubuntu.
[   33.362183] cloud-init[1613]: Cloud-init v. 20.2-45-g5f7825e2-0ubuntu1~18.04.1 finished at Tue, 21 Jul 2020 05:25:52 +0000. Datasource DataSourceNoCloud [seed=/dev/sdb][dsmode=net].  Up 33.34 seconds
